<?xml version="1.0" encoding="UTF-8"?>
<!-- Generated by org.testng.reporters.JUnitReportReporter -->
<testsuite hostname="AEZIONDEV10" name="Flex8Test.Flex8MemTest" tests="1" failures="0" timestamp="19 Jun 2017 04:47:22 GMT" time="16.927" errors="0">
  <testcase name="TrainingTemplates" time="16.927" classname="Flex8Test.Flex8MemTest"/>
</testsuite> <!-- Flex8Test.Flex8MemTest -->
