<?xml version="1.0" encoding="UTF-8"?>
<!-- Generated by org.testng.reporters.JUnitReportReporter -->
<testsuite hostname="AEZIONDEV10" name="Flex8Test.FlexTest" tests="1" failures="0" timestamp="15 Jun 2017 05:13:15 GMT" time="25.366" errors="0">
  <testcase name="EventSessionInfoupdate" time="25.366" classname="Flex8Test.FlexTest"/>
</testsuite> <!-- Flex8Test.FlexTest -->
